New Relic Agent not running
New Relic Agent not running
Starting the New Relic Agent
  [4;36;1mSQL (0.2ms)[0m   [0;1m SELECT name
 FROM sqlite_master
 WHERE type = 'table' AND NOT name = 'sqlite_sequence'
[0m


Processing SynchronizersController#index (for 127.0.0.1 at 2010-01-29 19:12:28) [GET]

ActionController::UnknownAction (No action responded to index. Actions: ):
  vendor/gems/newrelic_rpm-2.9.9/lib/new_relic/agent/instrumentation/controller_instrumentation.rb:138:in `perform_action'
  vendor/gems/newrelic_rpm-2.9.9/lib/new_relic/agent/method_tracer.rb:62:in `trace_method_execution_with_scope'
  vendor/gems/newrelic_rpm-2.9.9/lib/new_relic/agent/instrumentation/controller_instrumentation.rb:122:in `perform_action'
  vendor/gems/newrelic_rpm-2.9.9/lib/new_relic/agent/method_tracer.rb:38:in `trace_method_execution_no_scope'
  vendor/gems/newrelic_rpm-2.9.9/lib/new_relic/agent/instrumentation/controller_instrumentation.rb:117:in `perform_action'

Rendering rescues/layout (not_found)


Processing SynchronizersController#index (for 127.0.0.1 at 2010-01-29 19:12:35) [GET]

ActionController::UnknownAction (No action responded to index. Actions: ):
  vendor/gems/newrelic_rpm-2.9.9/lib/new_relic/agent/instrumentation/controller_instrumentation.rb:138:in `perform_action'
  vendor/gems/newrelic_rpm-2.9.9/lib/new_relic/agent/method_tracer.rb:62:in `trace_method_execution_with_scope'
  vendor/gems/newrelic_rpm-2.9.9/lib/new_relic/agent/instrumentation/controller_instrumentation.rb:122:in `perform_action'
  vendor/gems/newrelic_rpm-2.9.9/lib/new_relic/agent/method_tracer.rb:38:in `trace_method_execution_no_scope'
  vendor/gems/newrelic_rpm-2.9.9/lib/new_relic/agent/instrumentation/controller_instrumentation.rb:117:in `perform_action'

Rendering rescues/layout (not_found)


Processing SynchronizersController#index (for 127.0.0.1 at 2010-01-29 19:12:36) [GET]

ActionController::UnknownAction (No action responded to index. Actions: ):
  vendor/gems/newrelic_rpm-2.9.9/lib/new_relic/agent/instrumentation/controller_instrumentation.rb:138:in `perform_action'
  vendor/gems/newrelic_rpm-2.9.9/lib/new_relic/agent/method_tracer.rb:62:in `trace_method_execution_with_scope'
  vendor/gems/newrelic_rpm-2.9.9/lib/new_relic/agent/instrumentation/controller_instrumentation.rb:122:in `perform_action'
  vendor/gems/newrelic_rpm-2.9.9/lib/new_relic/agent/method_tracer.rb:38:in `trace_method_execution_no_scope'
  vendor/gems/newrelic_rpm-2.9.9/lib/new_relic/agent/instrumentation/controller_instrumentation.rb:117:in `perform_action'

Rendering rescues/layout (not_found)


Processing SynchronizersController#index (for 127.0.0.1 at 2010-01-29 19:12:50) [GET]

ActionView::MissingTemplate (Missing template synchronizers/index.erb in view path app/views):
  vendor/gems/newrelic_rpm-2.9.9/lib/new_relic/agent/instrumentation/controller_instrumentation.rb:138:in `perform_action'
  vendor/gems/newrelic_rpm-2.9.9/lib/new_relic/agent/method_tracer.rb:62:in `trace_method_execution_with_scope'
  vendor/gems/newrelic_rpm-2.9.9/lib/new_relic/agent/instrumentation/controller_instrumentation.rb:122:in `perform_action'
  vendor/gems/newrelic_rpm-2.9.9/lib/new_relic/agent/method_tracer.rb:38:in `trace_method_execution_no_scope'
  vendor/gems/newrelic_rpm-2.9.9/lib/new_relic/agent/instrumentation/controller_instrumentation.rb:117:in `perform_action'

Rendering rescues/layout (internal_server_error)


Processing SynchronizersController#index (for 127.0.0.1 at 2010-01-29 19:13:14) [GET]
Rendering synchronizers/index
Completed in 7ms (View: 7, DB: 0) | 200 OK [http://127.0.0.1/synchronizers]


Processing NewrelicController#index (for 127.0.0.1 at 2010-01-29 19:13:20) [GET]
Rendering template within layouts/newrelic_default
Rendering newrelic/index
Rendered newrelic/_sample (4.6ms)
Rendered newrelic/_sample (1.2ms)
Rendered newrelic/_sample (1.1ms)
Rendered newrelic/_sample (1.0ms)
Rendered newrelic/_sample (1.6ms)
Completed in 51ms (View: 49, DB: 0) | 200 OK [http://127.0.0.1/newrelic]


Processing NewrelicController#javascript (for 127.0.0.1 at 2010-01-29 19:13:20) [GET]
  Parameters: {"file"=>"prototype-scriptaculous.js"}
Completed in 57ms (View: 1, DB: 0) | 200 OK [http://127.0.0.1/newrelic/javascript?file=prototype-scriptaculous.js]
Streaming file /Users/seb/tmp/tmp/test_newrelic/vendor/gems/newrelic_rpm-2.9.9/ui/views/newrelic/javascript/prototype-scriptaculous.js


Processing NewrelicController#css (for 127.0.0.1 at 2010-01-29 19:13:20) [GET]
  Parameters: {"file"=>"style.css"}
Completed in 1ms (View: 1, DB: 0) | 200 OK [http://127.0.0.1/newrelic/css?file=style.css]
Streaming file /Users/seb/tmp/tmp/test_newrelic/vendor/gems/newrelic_rpm-2.9.9/ui/views/newrelic/stylesheets/style.css


Processing NewrelicController#image (for 127.0.0.1 at 2010-01-29 19:13:20) [GET]
  Parameters: {"content_type"=>"image/gif", "file"=>"blue_bar.gif"}
Completed in 1ms (View: 1, DB: 0) | 200 OK [http://127.0.0.1/newrelic/image?content_type=image%2Fgif&file=blue_bar.gif]
Streaming file /Users/seb/tmp/tmp/test_newrelic/vendor/gems/newrelic_rpm-2.9.9/ui/views/newrelic/images/blue_bar.gif


Processing NewrelicController#image (for 127.0.0.1 at 2010-01-29 19:13:20) [GET]
  Parameters: {"content_type"=>"image/gif", "file"=>"new_relic_rpm_desktop.gif"}
Completed in 8ms (View: 1, DB: 0) | 200 OK [http://127.0.0.1/newrelic/image?content_type=image%2Fgif&file=new_relic_rpm_desktop.gif]
Streaming file /Users/seb/tmp/tmp/test_newrelic/vendor/gems/newrelic_rpm-2.9.9/ui/views/newrelic/images/new_relic_rpm_desktop.gif


Processing NewrelicController#image (for 127.0.0.1 at 2010-01-29 19:13:20) [GET]
  Parameters: {"content_type"=>"image/gif", "file"=>"gray_bar.gif"}
Completed in 1ms (View: 1, DB: 0) | 200 OK [http://127.0.0.1/newrelic/image?content_type=image%2Fgif&file=gray_bar.gif]
Streaming file /Users/seb/tmp/tmp/test_newrelic/vendor/gems/newrelic_rpm-2.9.9/ui/views/newrelic/images/gray_bar.gif


Processing SynchronizersController#index (for 127.0.0.1 at 2010-01-29 19:13:25) [GET]
Rendering synchronizers/index
Completed in 1ms (View: 1, DB: 0) | 200 OK [http://127.0.0.1/synchronizers]


Processing SynchronizersController#index (for 127.0.0.1 at 2010-01-29 19:13:35) [GET]

NoMethodError (undefined method `all' for Sync:Class):
  app/controllers/synchronizers_controller.rb:4:in `index'
  vendor/gems/newrelic_rpm-2.9.9/lib/new_relic/agent/instrumentation/controller_instrumentation.rb:138:in `perform_action'
  vendor/gems/newrelic_rpm-2.9.9/lib/new_relic/agent/method_tracer.rb:62:in `trace_method_execution_with_scope'
  vendor/gems/newrelic_rpm-2.9.9/lib/new_relic/agent/instrumentation/controller_instrumentation.rb:122:in `perform_action'
  vendor/gems/newrelic_rpm-2.9.9/lib/new_relic/agent/method_tracer.rb:38:in `trace_method_execution_no_scope'
  vendor/gems/newrelic_rpm-2.9.9/lib/new_relic/agent/instrumentation/controller_instrumentation.rb:117:in `perform_action'

Rendered rescues/_trace (32.0ms)
Rendered rescues/_request_and_response (1.2ms)
Rendering rescues/layout (internal_server_error)


Processing SynchronizersController#index (for 127.0.0.1 at 2010-01-29 19:14:14) [GET]
  [4;36;1mSynchronizer Load (0.0ms)[0m   [0;1mSQLite3::SQLException: no such table: synchronizers: SELECT * FROM "synchronizers" [0m

ActiveRecord::StatementInvalid (SQLite3::SQLException: no such table: synchronizers: SELECT * FROM "synchronizers" ):
  app/controllers/synchronizers_controller.rb:4:in `index'

Rendered rescues/_trace (34.7ms)
Rendered rescues/_request_and_response (1.0ms)
Rendering rescues/layout (internal_server_error)


Processing SynchronizersController#index (for 127.0.0.1 at 2010-01-29 19:14:15) [GET]
  [4;35;1mSynchronizer Load (0.0ms)[0m   [0mSQLite3::SQLException: no such table: synchronizers: SELECT * FROM "synchronizers" [0m

ActiveRecord::StatementInvalid (SQLite3::SQLException: no such table: synchronizers: SELECT * FROM "synchronizers" ):
  app/controllers/synchronizers_controller.rb:4:in `index'

Rendered rescues/_trace (35.1ms)
Rendered rescues/_request_and_response (0.3ms)
Rendering rescues/layout (internal_server_error)


Processing SynchronizersController#index (for 127.0.0.1 at 2010-01-29 19:14:17) [GET]
  [4;36;1mSynchronizer Load (0.0ms)[0m   [0;1mSQLite3::SQLException: no such table: synchronizers: SELECT * FROM "synchronizers" [0m

ActiveRecord::StatementInvalid (SQLite3::SQLException: no such table: synchronizers: SELECT * FROM "synchronizers" ):
  app/controllers/synchronizers_controller.rb:4:in `index'

Rendered rescues/_trace (105.3ms)
Rendered rescues/_request_and_response (0.3ms)
Rendering rescues/layout (internal_server_error)
  [4;36;1mSQL (0.2ms)[0m   [0;1m SELECT name
 FROM sqlite_master
 WHERE type = 'table' AND NOT name = 'sqlite_sequence'
[0m
  [4;35;1mSQL (0.1ms)[0m   [0mselect sqlite_version(*)[0m
  [4;36;1mSQL (44.1ms)[0m   [0;1mCREATE TABLE "schema_migrations" ("version" varchar(255) NOT NULL) [0m
  [4;35;1mSQL (3.2ms)[0m   [0mCREATE UNIQUE INDEX "unique_schema_migrations" ON "schema_migrations" ("version")[0m
  [4;36;1mSQL (0.2ms)[0m   [0;1m SELECT name
 FROM sqlite_master
 WHERE type = 'table' AND NOT name = 'sqlite_sequence'
[0m
  [4;35;1mSQL (0.1ms)[0m   [0mSELECT version FROM schema_migrations[0m
Migrating to CreateSynchronizers (20100129171025)
  [4;36;1mSQL (0.4ms)[0m   [0;1mCREATE TABLE "synchronizers" ("id" INTEGER PRIMARY KEY AUTOINCREMENT NOT NULL, "name" varchar(255), "created_at" datetime, "updated_at" datetime) [0m
  [4;35;1mSQL (0.1ms)[0m   [0mINSERT INTO schema_migrations (version) VALUES ('20100129171025')[0m
  [4;36;1mSQL (0.3ms)[0m   [0;1m SELECT name
 FROM sqlite_master
 WHERE type = 'table' AND NOT name = 'sqlite_sequence'
[0m
  [4;35;1mSQL (0.1ms)[0m   [0mSELECT version FROM schema_migrations[0m
  [4;36;1mSQL (0.1ms)[0m   [0;1m SELECT name
 FROM sqlite_master
 WHERE type = 'table' AND NOT name = 'sqlite_sequence'
[0m
  [4;35;1mSQL (0.0ms)[0m   [0mPRAGMA index_list("synchronizers")[0m
  [4;36;1mSQL (0.3ms)[0m   [0;1m SELECT name
 FROM sqlite_master
 WHERE type = 'table' AND NOT name = 'sqlite_sequence'
[0m
  [4;35;1mSQL (0.1ms)[0m   [0mSELECT version FROM schema_migrations[0m
Migrating to CreateSynchronizers (20100129171025)
  [4;36;1mSQL (0.1ms)[0m   [0;1mselect sqlite_version(*)[0m
  [4;35;1mSQL (0.1ms)[0m   [0m SELECT name
 FROM sqlite_master
 WHERE type = 'table' AND NOT name = 'sqlite_sequence'
[0m
  [4;36;1mSQL (0.1ms)[0m   [0;1mSELECT version FROM schema_migrations[0m
  [4;35;1mSQL (0.1ms)[0m   [0m SELECT name
 FROM sqlite_master
 WHERE type = 'table' AND NOT name = 'sqlite_sequence'
[0m
  [4;36;1mSQL (0.0ms)[0m   [0;1mPRAGMA index_list("synchronizers")[0m


Processing SynchronizersController#index (for 127.0.0.1 at 2010-01-29 19:15:05) [GET]
  [4;36;1mSynchronizer Load (0.3ms)[0m   [0;1mSELECT * FROM "synchronizers" [0m
Rendering synchronizers/index
Completed in 9ms (View: 6, DB: 0) | 200 OK [http://127.0.0.1/synchronizers]
Starting the New Relic Agent
  [4;36;1mSQL (0.4ms)[0m   [0;1m SELECT name
 FROM sqlite_master
 WHERE type = 'table' AND NOT name = 'sqlite_sequence'
[0m
  [4;35;1mSQL (0.1ms)[0m   [0mSELECT version FROM schema_migrations[0m


Processing SynchronizersController#index (for 127.0.0.1 at 2010-01-29 19:15:49) [GET]

NoMethodError (undefined method `all' for Sync:Class):
  app/controllers/synchronizers_controller.rb:4:in `index'
  vendor/gems/newrelic_rpm-2.9.9/lib/new_relic/agent/instrumentation/controller_instrumentation.rb:138:in `perform_action'
  vendor/gems/newrelic_rpm-2.9.9/lib/new_relic/agent/method_tracer.rb:62:in `trace_method_execution_with_scope'
  vendor/gems/newrelic_rpm-2.9.9/lib/new_relic/agent/instrumentation/controller_instrumentation.rb:122:in `perform_action'
  vendor/gems/newrelic_rpm-2.9.9/lib/new_relic/agent/method_tracer.rb:38:in `trace_method_execution_no_scope'
  vendor/gems/newrelic_rpm-2.9.9/lib/new_relic/agent/instrumentation/controller_instrumentation.rb:117:in `perform_action'

Rendered rescues/_trace (106.8ms)
Rendered rescues/_request_and_response (1.2ms)
Rendering rescues/layout (internal_server_error)


Processing SynchronizersController#index (for 127.0.0.1 at 2010-01-29 19:16:18) [GET]

NoMethodError (undefined method `all' for Sync:Class):
  app/controllers/synchronizers_controller.rb:4:in `index'
  vendor/gems/newrelic_rpm-2.9.9/lib/new_relic/agent/instrumentation/controller_instrumentation.rb:138:in `perform_action'
  vendor/gems/newrelic_rpm-2.9.9/lib/new_relic/agent/method_tracer.rb:62:in `trace_method_execution_with_scope'
  vendor/gems/newrelic_rpm-2.9.9/lib/new_relic/agent/instrumentation/controller_instrumentation.rb:122:in `perform_action'
  vendor/gems/newrelic_rpm-2.9.9/lib/new_relic/agent/method_tracer.rb:38:in `trace_method_execution_no_scope'
  vendor/gems/newrelic_rpm-2.9.9/lib/new_relic/agent/instrumentation/controller_instrumentation.rb:117:in `perform_action'

Rendered rescues/_trace (36.9ms)
Rendered rescues/_request_and_response (0.5ms)
Rendering rescues/layout (internal_server_error)


Processing SynchronizersController#index (for 127.0.0.1 at 2010-01-29 19:16:29) [GET]
  [4;36;1mSynchronizer Load (0.3ms)[0m   [0;1mSELECT * FROM "synchronizers" [0m
Rendering synchronizers/index
Completed in 8ms (View: 5, DB: 0) | 200 OK [http://127.0.0.1/synchronizers]


Processing SynchronizersController#index (for 127.0.0.1 at 2010-01-29 19:16:36) [GET]
  [4;35;1mSynchronizer Load (0.3ms)[0m   [0mSELECT * FROM "synchronizers" [0m
Rendering synchronizers/index
Completed in 7ms (View: 4, DB: 0) | 200 OK [http://127.0.0.1/synchronizers]


Processing SynchronizersController#index (for 127.0.0.1 at 2010-01-29 19:17:09) [GET]
  [4;36;1mSynchronizer Load (0.3ms)[0m   [0;1mSELECT * FROM "synchronizers" [0m
Rendering synchronizers/index
Completed in 9ms (View: 6, DB: 0) | 200 OK [http://127.0.0.1/synchronizers]


Processing SynchronizersController#index (for 127.0.0.1 at 2010-01-29 19:17:10) [GET]
  [4;35;1mSynchronizer Load (0.3ms)[0m   [0mSELECT * FROM "synchronizers" [0m
Rendering synchronizers/index
Completed in 4ms (View: 1, DB: 0) | 200 OK [http://127.0.0.1/synchronizers]


Processing SynchronizersController#index (for 127.0.0.1 at 2010-01-29 19:17:11) [GET]
  [4;36;1mSynchronizer Load (0.4ms)[0m   [0;1mSELECT * FROM "synchronizers" [0m
Rendering synchronizers/index
Completed in 4ms (View: 1, DB: 0) | 200 OK [http://127.0.0.1/synchronizers]


Processing SynchronizersController#index (for 127.0.0.1 at 2010-01-29 19:17:11) [GET]
  [4;35;1mSynchronizer Load (0.3ms)[0m   [0mSELECT * FROM "synchronizers" [0m
Rendering synchronizers/index
Completed in 4ms (View: 1, DB: 0) | 200 OK [http://127.0.0.1/synchronizers]


Processing SynchronizersController#index (for 127.0.0.1 at 2010-01-29 19:17:11) [GET]
  [4;36;1mSynchronizer Load (0.3ms)[0m   [0;1mSELECT * FROM "synchronizers" [0m
Rendering synchronizers/index
Completed in 4ms (View: 1, DB: 0) | 200 OK [http://127.0.0.1/synchronizers]


Processing SynchronizersController#index (for 127.0.0.1 at 2010-01-29 19:17:11) [GET]
  [4;35;1mSynchronizer Load (0.3ms)[0m   [0mSELECT * FROM "synchronizers" [0m
Rendering synchronizers/index
Completed in 4ms (View: 1, DB: 0) | 200 OK [http://127.0.0.1/synchronizers]


Processing SynchronizersController#index (for 127.0.0.1 at 2010-01-29 19:17:11) [GET]
  [4;36;1mSynchronizer Load (0.3ms)[0m   [0;1mSELECT * FROM "synchronizers" [0m
Rendering synchronizers/index
Completed in 5ms (View: 1, DB: 0) | 200 OK [http://127.0.0.1/synchronizers]


Processing SynchronizersController#index (for 127.0.0.1 at 2010-01-29 19:17:12) [GET]
  [4;35;1mSynchronizer Load (1.1ms)[0m   [0mSELECT * FROM "synchronizers" [0m
Rendering synchronizers/index
Completed in 5ms (View: 1, DB: 1) | 200 OK [http://127.0.0.1/synchronizers]
  [4;36;1mSQL (0.4ms)[0m   [0;1m SELECT name
 FROM sqlite_master
 WHERE type = 'table' AND NOT name = 'sqlite_sequence'
[0m
  [4;35;1mSQL (0.1ms)[0m   [0mSELECT version FROM schema_migrations[0m
  [4;36;1mSQL (0.2ms)[0m   [0;1mselect sqlite_version(*)[0m
  [4;35;1mSQL (0.2ms)[0m   [0m SELECT name
 FROM sqlite_master
 WHERE type = 'table' AND NOT name = 'sqlite_sequence'
[0m
  [4;36;1mSQL (3.2ms)[0m   [0;1mCREATE TABLE "synchronizers" ("id" INTEGER PRIMARY KEY AUTOINCREMENT NOT NULL, "name" varchar(255), "created_at" datetime, "updated_at" datetime) [0m
  [4;35;1mSQL (0.1ms)[0m   [0m SELECT name
 FROM sqlite_master
 WHERE type = 'table' AND NOT name = 'sqlite_sequence'
[0m
  [4;36;1mSQL (5.5ms)[0m   [0;1mCREATE TABLE "schema_migrations" ("version" varchar(255) NOT NULL) [0m
  [4;35;1mSQL (4.0ms)[0m   [0mCREATE UNIQUE INDEX "unique_schema_migrations" ON "schema_migrations" ("version")[0m
  [4;36;1mSQL (0.2ms)[0m   [0;1m SELECT name
 FROM sqlite_master
 WHERE type = 'table' AND NOT name = 'sqlite_sequence'
[0m
  [4;35;1mSQL (0.1ms)[0m   [0mSELECT version FROM "schema_migrations"[0m
  [4;36;1mSQL (2.8ms)[0m   [0;1mINSERT INTO "schema_migrations" (version) VALUES ('20100129171025')[0m
  [4;36;1mSynchronizer Create (0.4ms)[0m   [0;1mINSERT INTO "synchronizers" ("name", "created_at", "updated_at") VALUES('Synchronizer 1', '2010-01-29 17:22:17', '2010-01-29 17:22:17')[0m
  [4;35;1mSynchronizer Create (0.3ms)[0m   [0mINSERT INTO "synchronizers" ("name", "created_at", "updated_at") VALUES('Synchronizer 2', '2010-01-29 17:22:17', '2010-01-29 17:22:17')[0m
  [4;36;1mSynchronizer Create (0.4ms)[0m   [0;1mINSERT INTO "synchronizers" ("name", "created_at", "updated_at") VALUES('Synchronizer 3', '2010-01-29 17:22:17', '2010-01-29 17:22:17')[0m


Processing SynchronizersController#index (for 127.0.0.1 at 2010-01-29 19:22:26) [GET]
  [4;36;1mSynchronizer Load (0.5ms)[0m   [0;1mSELECT * FROM "synchronizers" [0m
Rendering synchronizers/index
Rendered synchronizers/_synchronizer (2.1ms)
Rendered synchronizers/_synchronizer (0.1ms)
Rendered synchronizers/_synchronizer (0.1ms)
Completed in 70ms (View: 66, DB: 0) | 200 OK [http://127.0.0.1/synchronizers]
Starting the New Relic Agent
  [4;36;1mSQL (0.4ms)[0m   [0;1m SELECT name
 FROM sqlite_master
 WHERE type = 'table' AND NOT name = 'sqlite_sequence'
[0m
  [4;35;1mSQL (0.1ms)[0m   [0mSELECT version FROM schema_migrations[0m


Processing SynchronizersController#index (for 127.0.0.1 at 2010-01-29 19:22:35) [GET]

NoMethodError (undefined method `all' for Sync:Class):
  app/controllers/synchronizers_controller.rb:4:in `index'
  vendor/gems/newrelic_rpm-2.9.9/lib/new_relic/agent/instrumentation/controller_instrumentation.rb:138:in `perform_action'
  vendor/gems/newrelic_rpm-2.9.9/lib/new_relic/agent/method_tracer.rb:62:in `trace_method_execution_with_scope'
  vendor/gems/newrelic_rpm-2.9.9/lib/new_relic/agent/instrumentation/controller_instrumentation.rb:122:in `perform_action'
  vendor/gems/newrelic_rpm-2.9.9/lib/new_relic/agent/method_tracer.rb:38:in `trace_method_execution_no_scope'
  vendor/gems/newrelic_rpm-2.9.9/lib/new_relic/agent/instrumentation/controller_instrumentation.rb:117:in `perform_action'

Rendered rescues/_trace (106.8ms)
Rendered rescues/_request_and_response (1.2ms)
Rendering rescues/layout (internal_server_error)


Processing SynchronizersController#index (for 127.0.0.1 at 2010-01-29 19:23:18) [GET]

NoMethodError (undefined method `all' for Sync:Class):
  app/controllers/synchronizers_controller.rb:4:in `index'
  vendor/gems/newrelic_rpm-2.9.9/lib/new_relic/agent/instrumentation/controller_instrumentation.rb:138:in `perform_action'
  vendor/gems/newrelic_rpm-2.9.9/lib/new_relic/agent/method_tracer.rb:62:in `trace_method_execution_with_scope'
  vendor/gems/newrelic_rpm-2.9.9/lib/new_relic/agent/instrumentation/controller_instrumentation.rb:122:in `perform_action'
  vendor/gems/newrelic_rpm-2.9.9/lib/new_relic/agent/method_tracer.rb:38:in `trace_method_execution_no_scope'
  vendor/gems/newrelic_rpm-2.9.9/lib/new_relic/agent/instrumentation/controller_instrumentation.rb:117:in `perform_action'

Rendered rescues/_trace (34.9ms)
Rendered rescues/_request_and_response (0.5ms)
Rendering rescues/layout (internal_server_error)


Processing SynchronizersController#index (for 127.0.0.1 at 2010-01-29 19:23:28) [GET]
  [4;36;1mSynchronizer Load (0.5ms)[0m   [0;1mSELECT * FROM "synchronizers" [0m
Rendering synchronizers/index
Rendered synchronizers/_synchronizer (2.0ms)
Rendered synchronizers/_synchronizer (0.1ms)
Rendered synchronizers/_synchronizer (0.0ms)
Completed in 68ms (View: 64, DB: 1) | 200 OK [http://127.0.0.1/]


Processing SynchronizersController#index (for 127.0.0.1 at 2010-01-29 19:23:32) [GET]
  [4;35;1mSynchronizer Load (0.5ms)[0m   [0mSELECT * FROM "synchronizers" [0m
Rendering synchronizers/index
Rendered synchronizers/_synchronizer (1.1ms)
Rendered synchronizers/_synchronizer (0.1ms)
Rendered synchronizers/_synchronizer (0.0ms)
Completed in 6ms (View: 2, DB: 0) | 200 OK [http://127.0.0.1/]
Starting the New Relic Agent
  [4;36;1mSQL (0.4ms)[0m   [0;1m SELECT name
 FROM sqlite_master
 WHERE type = 'table' AND NOT name = 'sqlite_sequence'
[0m
  [4;35;1mSQL (0.1ms)[0m   [0mSELECT version FROM schema_migrations[0m


Processing SynchronizersController#index (for 127.0.0.1 at 2010-01-29 19:23:37) [GET]

NoMethodError (undefined method `all' for Sync:Class):
  app/controllers/synchronizers_controller.rb:4:in `index'
  vendor/gems/newrelic_rpm-2.9.9/lib/new_relic/agent/instrumentation/controller_instrumentation.rb:138:in `perform_action'
  vendor/gems/newrelic_rpm-2.9.9/lib/new_relic/agent/method_tracer.rb:62:in `trace_method_execution_with_scope'
  vendor/gems/newrelic_rpm-2.9.9/lib/new_relic/agent/instrumentation/controller_instrumentation.rb:122:in `perform_action'
  vendor/gems/newrelic_rpm-2.9.9/lib/new_relic/agent/method_tracer.rb:38:in `trace_method_execution_no_scope'
  vendor/gems/newrelic_rpm-2.9.9/lib/new_relic/agent/instrumentation/controller_instrumentation.rb:117:in `perform_action'

Rendered rescues/_trace (106.0ms)
Rendered rescues/_request_and_response (1.2ms)
Rendering rescues/layout (internal_server_error)


Processing SynchronizersController#index (for 127.0.0.1 at 2010-01-29 19:25:54) [GET]

NoMethodError (undefined method `all' for Sync:Class):
  app/controllers/synchronizers_controller.rb:4:in `index'
  vendor/gems/newrelic_rpm-2.9.9/lib/new_relic/agent/instrumentation/controller_instrumentation.rb:138:in `perform_action'
  vendor/gems/newrelic_rpm-2.9.9/lib/new_relic/agent/method_tracer.rb:62:in `trace_method_execution_with_scope'
  vendor/gems/newrelic_rpm-2.9.9/lib/new_relic/agent/instrumentation/controller_instrumentation.rb:122:in `perform_action'
  vendor/gems/newrelic_rpm-2.9.9/lib/new_relic/agent/method_tracer.rb:38:in `trace_method_execution_no_scope'
  vendor/gems/newrelic_rpm-2.9.9/lib/new_relic/agent/instrumentation/controller_instrumentation.rb:117:in `perform_action'

Rendered rescues/_trace (36.2ms)
Rendered rescues/_request_and_response (0.5ms)
Rendering rescues/layout (internal_server_error)


Processing SynchronizersController#index (for 127.0.0.1 at 2010-01-29 19:26:00) [GET]
  [4;36;1mSynchronizer Load (0.5ms)[0m   [0;1mSELECT * FROM "synchronizers" [0m
Rendering synchronizers/index
Rendered synchronizers/_synchronizer (2.2ms)
Rendered synchronizers/_synchronizer (0.1ms)
Rendered synchronizers/_synchronizer (0.1ms)
Completed in 71ms (View: 67, DB: 0) | 200 OK [http://127.0.0.1/]
Starting the New Relic Agent
  [4;36;1mSQL (0.4ms)[0m   [0;1m SELECT name
 FROM sqlite_master
 WHERE type = 'table' AND NOT name = 'sqlite_sequence'
[0m
  [4;35;1mSQL (0.1ms)[0m   [0mSELECT version FROM schema_migrations[0m


Processing SynchronizersController#index (for 127.0.0.1 at 2010-01-29 19:27:26) [GET]

NoMethodError (undefined method `all' for Sync:Class):
  app/controllers/synchronizers_controller.rb:4:in `index'
  vendor/gems/newrelic_rpm-2.9.9/lib/new_relic/agent/instrumentation/controller_instrumentation.rb:138:in `perform_action'
  vendor/gems/newrelic_rpm-2.9.9/lib/new_relic/agent/method_tracer.rb:62:in `trace_method_execution_with_scope'
  vendor/gems/newrelic_rpm-2.9.9/lib/new_relic/agent/instrumentation/controller_instrumentation.rb:122:in `perform_action'
  vendor/gems/newrelic_rpm-2.9.9/lib/new_relic/agent/method_tracer.rb:38:in `trace_method_execution_no_scope'
  vendor/gems/newrelic_rpm-2.9.9/lib/new_relic/agent/instrumentation/controller_instrumentation.rb:117:in `perform_action'

Rendered rescues/_trace (106.9ms)
Rendered rescues/_request_and_response (1.2ms)
Rendering rescues/layout (internal_server_error)


Processing SynchronizersController#index (for 127.0.0.1 at 2010-01-29 19:28:39) [GET]
  [4;36;1mSynchronizer Load (0.5ms)[0m   [0;1mSELECT * FROM "synchronizers" [0m
Rendering synchronizers/index
Rendered synchronizers/_synchronizer (2.5ms)
Rendered synchronizers/_synchronizer (0.1ms)
Rendered synchronizers/_synchronizer (0.0ms)
Completed in 69ms (View: 66, DB: 0) | 200 OK [http://127.0.0.1/]
